[2022-06-13 00:53:16,093] INFO Reading configuration from: .\config\zookeeper.properties (org.apache.zookeeper.server.quorum.QuorumPeerConfig)
[2022-06-13 00:53:16,108] INFO clientPortAddress is 0.0.0.0:2181 (org.apache.zookeeper.server.quorum.QuorumPeerConfig)
[2022-06-13 00:53:16,108] INFO secureClientPort is not set (org.apache.zookeeper.server.quorum.QuorumPeerConfig)
[2022-06-13 00:53:16,110] INFO autopurge.snapRetainCount set to 3 (org.apache.zookeeper.server.DatadirCleanupManager)
[2022-06-13 00:53:16,110] INFO autopurge.purgeInterval set to 0 (org.apache.zookeeper.server.DatadirCleanupManager)
[2022-06-13 00:53:16,111] INFO Purge task is not scheduled. (org.apache.zookeeper.server.DatadirCleanupManager)
[2022-06-13 00:53:16,111] WARN Either no config or no quorum defined in config, running  in standalone mode (org.apache.zookeeper.server.quorum.QuorumPeerMain)
[2022-06-13 00:53:16,116] INFO Log4j 1.2 jmx support found and enabled. (org.apache.zookeeper.jmx.ManagedUtil)
[2022-06-13 00:53:16,133] INFO Reading configuration from: .\config\zookeeper.properties (org.apache.zookeeper.server.quorum.QuorumPeerConfig)
[2022-06-13 00:53:16,133] INFO clientPortAddress is 0.0.0.0:2181 (org.apache.zookeeper.server.quorum.QuorumPeerConfig)
[2022-06-13 00:53:16,133] INFO secureClientPort is not set (org.apache.zookeeper.server.quorum.QuorumPeerConfig)
[2022-06-13 00:53:16,133] INFO Starting server (org.apache.zookeeper.server.ZooKeeperServerMain)
[2022-06-13 00:53:16,137] INFO zookeeper.snapshot.trust.empty : false (org.apache.zookeeper.server.persistence.FileTxnSnapLog)
[2022-06-13 00:53:16,156] INFO Server environment:zookeeper.version=3.5.8-f439ca583e70862c3068a1f2a7d4d068eec33315, built on 05/04/2020 15:53 GMT (org.apache.zookeeper.server.ZooKeeperServer)
[2022-06-13 00:53:16,156] INFO Server environment:host.name=host.docker.internal (org.apache.zookeeper.server.ZooKeeperServer)
[2022-06-13 00:53:16,156] INFO Server environment:java.version=1.8.0_211 (org.apache.zookeeper.server.ZooKeeperServer)
[2022-06-13 00:53:16,156] INFO Server environment:java.vendor=Oracle Corporation (org.apache.zookeeper.server.ZooKeeperServer)
[2022-06-13 00:53:16,156] INFO Server environment:java.home=C:\Java\jdk1.8.0_211\jre (org.apache.zookeeper.server.ZooKeeperServer)
[2022-06-13 00:53:16,157] INFO Server environment:java.class.path=C:\kafka_2.13-2.7.0\libs\activation-1.1.1.jar;C:\kafka_2.13-2.7.0\libs\aopalliance-repackaged-2.6.1.jar;C:\kafka_2.13-2.7.0\libs\argparse4j-0.7.0.jar;C:\kafka_2.13-2.7.0\libs\audience-annotations-0.5.0.jar;C:\kafka_2.13-2.7.0\libs\commons-cli-1.4.jar;C:\kafka_2.13-2.7.0\libs\commons-lang3-3.8.1.jar;C:\kafka_2.13-2.7.0\libs\connect-api-2.7.0.jar;C:\kafka_2.13-2.7.0\libs\connect-basic-auth-extension-2.7.0.jar;C:\kafka_2.13-2.7.0\libs\connect-file-2.7.0.jar;C:\kafka_2.13-2.7.0\libs\connect-json-2.7.0.jar;C:\kafka_2.13-2.7.0\libs\connect-mirror-2.7.0.jar;C:\kafka_2.13-2.7.0\libs\connect-mirror-client-2.7.0.jar;C:\kafka_2.13-2.7.0\libs\connect-runtime-2.7.0.jar;C:\kafka_2.13-2.7.0\libs\connect-transforms-2.7.0.jar;C:\kafka_2.13-2.7.0\libs\hk2-api-2.6.1.jar;C:\kafka_2.13-2.7.0\libs\hk2-locator-2.6.1.jar;C:\kafka_2.13-2.7.0\libs\hk2-utils-2.6.1.jar;C:\kafka_2.13-2.7.0\libs\jackson-annotations-2.10.5.jar;C:\kafka_2.13-2.7.0\libs\jackson-core-2.10.5.jar;C:\kafka_2.13-2.7.0\libs\jackson-databind-2.10.5.1.jar;C:\kafka_2.13-2.7.0\libs\jackson-dataformat-csv-2.10.5.jar;C:\kafka_2.13-2.7.0\libs\jackson-datatype-jdk8-2.10.5.jar;C:\kafka_2.13-2.7.0\libs\jackson-jaxrs-base-2.10.5.jar;C:\kafka_2.13-2.7.0\libs\jackson-jaxrs-json-provider-2.10.5.jar;C:\kafka_2.13-2.7.0\libs\jackson-module-jaxb-annotations-2.10.5.jar;C:\kafka_2.13-2.7.0\libs\jackson-module-paranamer-2.10.5.jar;C:\kafka_2.13-2.7.0\libs\jackson-module-scala_2.13-2.10.5.jar;C:\kafka_2.13-2.7.0\libs\jakarta.activation-api-1.2.1.jar;C:\kafka_2.13-2.7.0\libs\jakarta.annotation-api-1.3.5.jar;C:\kafka_2.13-2.7.0\libs\jakarta.inject-2.6.1.jar;C:\kafka_2.13-2.7.0\libs\jakarta.validation-api-2.0.2.jar;C:\kafka_2.13-2.7.0\libs\jakarta.ws.rs-api-2.1.6.jar;C:\kafka_2.13-2.7.0\libs\jakarta.xml.bind-api-2.3.2.jar;C:\kafka_2.13-2.7.0\libs\javassist-3.25.0-GA.jar;C:\kafka_2.13-2.7.0\libs\javassist-3.26.0-GA.jar;C:\kafka_2.13-2.7.0\libs\javax.servlet-api-3.1.0.jar;C:\kafka_2.13-2.7.0\libs\javax.ws.rs-api-2.1.1.jar;C:\kafka_2.13-2.7.0\libs\jaxb-api-2.3.0.jar;C:\kafka_2.13-2.7.0\libs\jersey-client-2.31.jar;C:\kafka_2.13-2.7.0\libs\jersey-common-2.31.jar;C:\kafka_2.13-2.7.0\libs\jersey-container-servlet-2.31.jar;C:\kafka_2.13-2.7.0\libs\jersey-container-servlet-core-2.31.jar;C:\kafka_2.13-2.7.0\libs\jersey-hk2-2.31.jar;C:\kafka_2.13-2.7.0\libs\jersey-media-jaxb-2.31.jar;C:\kafka_2.13-2.7.0\libs\jersey-server-2.31.jar;C:\kafka_2.13-2.7.0\libs\jetty-client-9.4.33.v20201020.jar;C:\kafka_2.13-2.7.0\libs\jetty-continuation-9.4.33.v20201020.jar;C:\kafka_2.13-2.7.0\libs\jetty-http-9.4.33.v20201020.jar;C:\kafka_2.13-2.7.0\libs\jetty-io-9.4.33.v20201020.jar;C:\kafka_2.13-2.7.0\libs\jetty-security-9.4.33.v20201020.jar;C:\kafka_2.13-2.7.0\libs\jetty-server-9.4.33.v20201020.jar;C:\kafka_2.13-2.7.0\libs\jetty-servlet-9.4.33.v20201020.jar;C:\kafka_2.13-2.7.0\libs\jetty-servlets-9.4.33.v20201020.jar;C:\kafka_2.13-2.7.0\libs\jetty-util-9.4.33.v20201020.jar;C:\kafka_2.13-2.7.0\libs\jopt-simple-5.0.4.jar;C:\kafka_2.13-2.7.0\libs\kafka-clients-2.7.0.jar;C:\kafka_2.13-2.7.0\libs\kafka-log4j-appender-2.7.0.jar;C:\kafka_2.13-2.7.0\libs\kafka-raft-2.7.0.jar;C:\kafka_2.13-2.7.0\libs\kafka-streams-2.7.0.jar;C:\kafka_2.13-2.7.0\libs\kafka-streams-examples-2.7.0.jar;C:\kafka_2.13-2.7.0\libs\kafka-streams-scala_2.13-2.7.0.jar;C:\kafka_2.13-2.7.0\libs\kafka-streams-test-utils-2.7.0.jar;C:\kafka_2.13-2.7.0\libs\kafka-tools-2.7.0.jar;C:\kafka_2.13-2.7.0\libs\kafka_2.13-2.7.0-javadoc.jar;C:\kafka_2.13-2.7.0\libs\kafka_2.13-2.7.0-javadoc.jar.asc;C:\kafka_2.13-2.7.0\libs\kafka_2.13-2.7.0-sources.jar;C:\kafka_2.13-2.7.0\libs\kafka_2.13-2.7.0-sources.jar.asc;C:\kafka_2.13-2.7.0\libs\kafka_2.13-2.7.0-test-sources.jar;C:\kafka_2.13-2.7.0\libs\kafka_2.13-2.7.0-test-sources.jar.asc;C:\kafka_2.13-2.7.0\libs\kafka_2.13-2.7.0-test.jar;C:\kafka_2.13-2.7.0\libs\kafka_2.13-2.7.0-test.jar.asc;C:\kafka_2.13-2.7.0\libs\kafka_2.13-2.7.0.jar;C:\kafka_2.13-2.7.0\libs\kafka_2.13-2.7.0.jar.asc;C:\kafka_2.13-2.7.0\libs\log4j-1.2.17.jar;C:\kafka_2.13-2.7.0\libs\lz4-java-1.7.1.jar;C:\kafka_2.13-2.7.0\libs\maven-artifact-3.6.3.jar;C:\kafka_2.13-2.7.0\libs\metrics-core-2.2.0.jar;C:\kafka_2.13-2.7.0\libs\netty-buffer-4.1.51.Final.jar;C:\kafka_2.13-2.7.0\libs\netty-codec-4.1.51.Final.jar;C:\kafka_2.13-2.7.0\libs\netty-common-4.1.51.Final.jar;C:\kafka_2.13-2.7.0\libs\netty-handler-4.1.51.Final.jar;C:\kafka_2.13-2.7.0\libs\netty-resolver-4.1.51.Final.jar;C:\kafka_2.13-2.7.0\libs\netty-transport-4.1.51.Final.jar;C:\kafka_2.13-2.7.0\libs\netty-transport-native-epoll-4.1.51.Final.jar;C:\kafka_2.13-2.7.0\libs\netty-transport-native-unix-common-4.1.51.Final.jar;C:\kafka_2.13-2.7.0\libs\osgi-resource-locator-1.0.3.jar;C:\kafka_2.13-2.7.0\libs\paranamer-2.8.jar;C:\kafka_2.13-2.7.0\libs\plexus-utils-3.2.1.jar;C:\kafka_2.13-2.7.0\libs\reflections-0.9.12.jar;C:\kafka_2.13-2.7.0\libs\rocksdbjni-5.18.4.jar;C:\kafka_2.13-2.7.0\libs\scala-collection-compat_2.13-2.2.0.jar;C:\kafka_2.13-2.7.0\libs\scala-java8-compat_2.13-0.9.1.jar;C:\kafka_2.13-2.7.0\libs\scala-library-2.13.3.jar;C:\kafka_2.13-2.7.0\libs\scala-logging_2.13-3.9.2.jar;C:\kafka_2.13-2.7.0\libs\scala-reflect-2.13.3.jar;C:\kafka_2.13-2.7.0\libs\slf4j-api-1.7.30.jar;C:\kafka_2.13-2.7.0\libs\slf4j-log4j12-1.7.30.jar;C:\kafka_2.13-2.7.0\libs\snappy-java-1.1.7.7.jar;C:\kafka_2.13-2.7.0\libs\zookeeper-3.5.8.jar;C:\kafka_2.13-2.7.0\libs\zookeeper-jute-3.5.8.jar;C:\kafka_2.13-2.7.0\libs\zstd-jni-1.4.5-6.jar (org.apache.zookeeper.server.ZooKeeperServer)
[2022-06-13 00:53:16,158] INFO Server environment:java.library.path=C:\Java\jdk1.8.0_211\bin;C:\WINDOWS\Sun\Java\bin;C:\WINDOWS\system32;C:\WINDOWS;C:/Users/USER/.p2/pool/plugins/org.eclipse.justj.openjdk.hotspot.jre.full.win32.x86_64_15.0.1.v20201027-0507/jre/bin/server;C:/Users/USER/.p2/pool/plugins/org.eclipse.justj.openjdk.hotspot.jre.full.win32.x86_64_15.0.1.v20201027-0507/jre/bin;C:\Python39\Scripts\;C:\Python39\;C:\ProgramData\Oracle\Java\javapath;C:\WINDOWS\system32;C:\WINDOWS;C:\WINDOWS\System32\Wbem;C:\WINDOWS\System32\WindowsPowerShell\v1.0\;C:\Program Files (x86)\Windows Live\Shared;C:\WINDOWS\System32\OpenSSH\;C:\Program Files\MATLAB\R2018b\bin;C:\Program Files\Microsoft SQL Server\Client SDK\ODBC\170\Tools\Binn\;C:\Program Files\dotnet\;C:\Program Files (x86)\dotnet\;C:\Program Files\PuTTY\;C:\hadoop-3.1.0\bin;C:\Java\jdk1.8.0_211\bin;C:\sqoop-1.4.7.bin__hadoop-2.6.0\bin;C:\apache-flume-1.9.0-bin\bin;C:\apache-flume-1.9.0-bin\conf;C:\kafka_2.13-2.7.0\bin;C:\apache-mahout-distribution-0.12.0\bin;C:\spark-3.1.2-bin-hadoop2.7\bin;C:\Program Files\nodejs\;C:\ProgramData\chocolatey\bin;C:\Program Files\Git\cmd;C:\Program Files\Docker\Docker\resources\bin;C:\ProgramData\DockerDesktop\version-bin;C:\Users\USER\AppData\Local\Programs\Python\Python38\Scripts\;C:\Users\USER\AppData\Local\Programs\Python\Python38\;C:\Users\USER\AppData\Local\Microsoft\WindowsApps;C:\Users\USER\.dotnet\tools;C:\Users\USER\AppData\Local\Microsoft\WindowsApps;C:\Program Files\MongoDB\Server\4.4\bin\;C:\php;;C:\Users\USER\AppData\Local\Programs\Microsoft VS Code\bin;C:\Users\USER\AppData\Roaming\npm;C:\WINDOWS\system32;;. (org.apache.zookeeper.server.ZooKeeperServer)
[2022-06-13 00:53:16,159] INFO Server environment:java.io.tmpdir=C:\Users\USER\AppData\Local\Temp\ (org.apache.zookeeper.server.ZooKeeperServer)
[2022-06-13 00:53:16,159] INFO Server environment:java.compiler=<NA> (org.apache.zookeeper.server.ZooKeeperServer)
[2022-06-13 00:53:16,159] INFO Server environment:os.name=Windows 10 (org.apache.zookeeper.server.ZooKeeperServer)
[2022-06-13 00:53:16,160] INFO Server environment:os.arch=amd64 (org.apache.zookeeper.server.ZooKeeperServer)
[2022-06-13 00:53:16,160] INFO Server environment:os.version=10.0 (org.apache.zookeeper.server.ZooKeeperServer)
[2022-06-13 00:53:16,161] INFO Server environment:user.name=USER (org.apache.zookeeper.server.ZooKeeperServer)
[2022-06-13 00:53:16,161] INFO Server environment:user.home=C:\Users\USER (org.apache.zookeeper.server.ZooKeeperServer)
[2022-06-13 00:53:16,162] INFO Server environment:user.dir=C:\kafka_2.13-2.7.0 (org.apache.zookeeper.server.ZooKeeperServer)
[2022-06-13 00:53:16,162] INFO Server environment:os.memory.free=496MB (org.apache.zookeeper.server.ZooKeeperServer)
[2022-06-13 00:53:16,163] INFO Server environment:os.memory.max=512MB (org.apache.zookeeper.server.ZooKeeperServer)
[2022-06-13 00:53:16,163] INFO Server environment:os.memory.total=512MB (org.apache.zookeeper.server.ZooKeeperServer)
[2022-06-13 00:53:16,166] INFO minSessionTimeout set to 6000 (org.apache.zookeeper.server.ZooKeeperServer)
[2022-06-13 00:53:16,167] INFO maxSessionTimeout set to 60000 (org.apache.zookeeper.server.ZooKeeperServer)
[2022-06-13 00:53:16,168] INFO Created server with tickTime 3000 minSessionTimeout 6000 maxSessionTimeout 60000 datadir C:\kafka_2.13-2.7.0\zookeeper-data\version-2 snapdir C:\kafka_2.13-2.7.0\zookeeper-data\version-2 (org.apache.zookeeper.server.ZooKeeperServer)
[2022-06-13 00:53:16,191] INFO Using org.apache.zookeeper.server.NIOServerCnxnFactory as server connection factory (org.apache.zookeeper.server.ServerCnxnFactory)
[2022-06-13 00:53:16,208] INFO Configuring NIO connection handler with 10s sessionless connection timeout, 1 selector thread(s), 8 worker threads, and 64 kB direct buffers. (org.apache.zookeeper.server.NIOServerCnxnFactory)
[2022-06-13 00:53:16,212] INFO binding to port 0.0.0.0/0.0.0.0:2181 (org.apache.zookeeper.server.NIOServerCnxnFactory)
[2022-06-13 00:53:16,238] INFO zookeeper.snapshotSizeFactor = 0.33 (org.apache.zookeeper.server.ZKDatabase)
[2022-06-13 00:53:16,245] INFO Snapshotting: 0x0 to C:\kafka_2.13-2.7.0\zookeeper-data\version-2\snapshot.0 (org.apache.zookeeper.server.persistence.FileTxnSnapLog)
[2022-06-13 00:53:16,252] INFO Snapshotting: 0x0 to C:\kafka_2.13-2.7.0\zookeeper-data\version-2\snapshot.0 (org.apache.zookeeper.server.persistence.FileTxnSnapLog)
[2022-06-13 00:53:16,277] INFO Using checkIntervalMs=60000 maxPerMinute=10000 (org.apache.zookeeper.server.ContainerManager)
[2022-06-13 00:53:24,083] INFO Registered kafka:type=kafka.Log4jController MBean (kafka.utils.Log4jControllerRegistration$)
[2022-06-13 00:53:25,067] INFO Setting -D jdk.tls.rejectClientInitiatedRenegotiation=true to disable client-initiated TLS renegotiation (org.apache.zookeeper.common.X509Util)
[2022-06-13 00:53:25,236] INFO starting (kafka.server.KafkaServer)
[2022-06-13 00:53:25,243] INFO Connecting to zookeeper on localhost:2181 (kafka.server.KafkaServer)
[2022-06-13 00:53:25,288] INFO [ZooKeeperClient Kafka server] Initializing a new session to localhost:2181. (kafka.zookeeper.ZooKeeperClient)
[2022-06-13 00:53:25,304] INFO Client environment:zookeeper.version=3.5.8-f439ca583e70862c3068a1f2a7d4d068eec33315, built on 05/04/2020 15:53 GMT (org.apache.zookeeper.ZooKeeper)
[2022-06-13 00:53:25,304] INFO Client environment:host.name=host.docker.internal (org.apache.zookeeper.ZooKeeper)
[2022-06-13 00:53:25,304] INFO Client environment:java.version=1.8.0_211 (org.apache.zookeeper.ZooKeeper)
[2022-06-13 00:53:25,304] INFO Client environment:java.vendor=Oracle Corporation (org.apache.zookeeper.ZooKeeper)
[2022-06-13 00:53:25,304] INFO Client environment:java.home=C:\Java\jdk1.8.0_211\jre (org.apache.zookeeper.ZooKeeper)
[2022-06-13 00:53:25,304] INFO Client environment:java.class.path=C:\kafka_2.13-2.7.0\libs\activation-1.1.1.jar;C:\kafka_2.13-2.7.0\libs\aopalliance-repackaged-2.6.1.jar;C:\kafka_2.13-2.7.0\libs\argparse4j-0.7.0.jar;C:\kafka_2.13-2.7.0\libs\audience-annotations-0.5.0.jar;C:\kafka_2.13-2.7.0\libs\commons-cli-1.4.jar;C:\kafka_2.13-2.7.0\libs\commons-lang3-3.8.1.jar;C:\kafka_2.13-2.7.0\libs\connect-api-2.7.0.jar;C:\kafka_2.13-2.7.0\libs\connect-basic-auth-extension-2.7.0.jar;C:\kafka_2.13-2.7.0\libs\connect-file-2.7.0.jar;C:\kafka_2.13-2.7.0\libs\connect-json-2.7.0.jar;C:\kafka_2.13-2.7.0\libs\connect-mirror-2.7.0.jar;C:\kafka_2.13-2.7.0\libs\connect-mirror-client-2.7.0.jar;C:\kafka_2.13-2.7.0\libs\connect-runtime-2.7.0.jar;C:\kafka_2.13-2.7.0\libs\connect-transforms-2.7.0.jar;C:\kafka_2.13-2.7.0\libs\hk2-api-2.6.1.jar;C:\kafka_2.13-2.7.0\libs\hk2-locator-2.6.1.jar;C:\kafka_2.13-2.7.0\libs\hk2-utils-2.6.1.jar;C:\kafka_2.13-2.7.0\libs\jackson-annotations-2.10.5.jar;C:\kafka_2.13-2.7.0\libs\jackson-core-2.10.5.jar;C:\kafka_2.13-2.7.0\libs\jackson-databind-2.10.5.1.jar;C:\kafka_2.13-2.7.0\libs\jackson-dataformat-csv-2.10.5.jar;C:\kafka_2.13-2.7.0\libs\jackson-datatype-jdk8-2.10.5.jar;C:\kafka_2.13-2.7.0\libs\jackson-jaxrs-base-2.10.5.jar;C:\kafka_2.13-2.7.0\libs\jackson-jaxrs-json-provider-2.10.5.jar;C:\kafka_2.13-2.7.0\libs\jackson-module-jaxb-annotations-2.10.5.jar;C:\kafka_2.13-2.7.0\libs\jackson-module-paranamer-2.10.5.jar;C:\kafka_2.13-2.7.0\libs\jackson-module-scala_2.13-2.10.5.jar;C:\kafka_2.13-2.7.0\libs\jakarta.activation-api-1.2.1.jar;C:\kafka_2.13-2.7.0\libs\jakarta.annotation-api-1.3.5.jar;C:\kafka_2.13-2.7.0\libs\jakarta.inject-2.6.1.jar;C:\kafka_2.13-2.7.0\libs\jakarta.validation-api-2.0.2.jar;C:\kafka_2.13-2.7.0\libs\jakarta.ws.rs-api-2.1.6.jar;C:\kafka_2.13-2.7.0\libs\jakarta.xml.bind-api-2.3.2.jar;C:\kafka_2.13-2.7.0\libs\javassist-3.25.0-GA.jar;C:\kafka_2.13-2.7.0\libs\javassist-3.26.0-GA.jar;C:\kafka_2.13-2.7.0\libs\javax.servlet-api-3.1.0.jar;C:\kafka_2.13-2.7.0\libs\javax.ws.rs-api-2.1.1.jar;C:\kafka_2.13-2.7.0\libs\jaxb-api-2.3.0.jar;C:\kafka_2.13-2.7.0\libs\jersey-client-2.31.jar;C:\kafka_2.13-2.7.0\libs\jersey-common-2.31.jar;C:\kafka_2.13-2.7.0\libs\jersey-container-servlet-2.31.jar;C:\kafka_2.13-2.7.0\libs\jersey-container-servlet-core-2.31.jar;C:\kafka_2.13-2.7.0\libs\jersey-hk2-2.31.jar;C:\kafka_2.13-2.7.0\libs\jersey-media-jaxb-2.31.jar;C:\kafka_2.13-2.7.0\libs\jersey-server-2.31.jar;C:\kafka_2.13-2.7.0\libs\jetty-client-9.4.33.v20201020.jar;C:\kafka_2.13-2.7.0\libs\jetty-continuation-9.4.33.v20201020.jar;C:\kafka_2.13-2.7.0\libs\jetty-http-9.4.33.v20201020.jar;C:\kafka_2.13-2.7.0\libs\jetty-io-9.4.33.v20201020.jar;C:\kafka_2.13-2.7.0\libs\jetty-security-9.4.33.v20201020.jar;C:\kafka_2.13-2.7.0\libs\jetty-server-9.4.33.v20201020.jar;C:\kafka_2.13-2.7.0\libs\jetty-servlet-9.4.33.v20201020.jar;C:\kafka_2.13-2.7.0\libs\jetty-servlets-9.4.33.v20201020.jar;C:\kafka_2.13-2.7.0\libs\jetty-util-9.4.33.v20201020.jar;C:\kafka_2.13-2.7.0\libs\jopt-simple-5.0.4.jar;C:\kafka_2.13-2.7.0\libs\kafka-clients-2.7.0.jar;C:\kafka_2.13-2.7.0\libs\kafka-log4j-appender-2.7.0.jar;C:\kafka_2.13-2.7.0\libs\kafka-raft-2.7.0.jar;C:\kafka_2.13-2.7.0\libs\kafka-streams-2.7.0.jar;C:\kafka_2.13-2.7.0\libs\kafka-streams-examples-2.7.0.jar;C:\kafka_2.13-2.7.0\libs\kafka-streams-scala_2.13-2.7.0.jar;C:\kafka_2.13-2.7.0\libs\kafka-streams-test-utils-2.7.0.jar;C:\kafka_2.13-2.7.0\libs\kafka-tools-2.7.0.jar;C:\kafka_2.13-2.7.0\libs\kafka_2.13-2.7.0-javadoc.jar;C:\kafka_2.13-2.7.0\libs\kafka_2.13-2.7.0-javadoc.jar.asc;C:\kafka_2.13-2.7.0\libs\kafka_2.13-2.7.0-sources.jar;C:\kafka_2.13-2.7.0\libs\kafka_2.13-2.7.0-sources.jar.asc;C:\kafka_2.13-2.7.0\libs\kafka_2.13-2.7.0-test-sources.jar;C:\kafka_2.13-2.7.0\libs\kafka_2.13-2.7.0-test-sources.jar.asc;C:\kafka_2.13-2.7.0\libs\kafka_2.13-2.7.0-test.jar;C:\kafka_2.13-2.7.0\libs\kafka_2.13-2.7.0-test.jar.asc;C:\kafka_2.13-2.7.0\libs\kafka_2.13-2.7.0.jar;C:\kafka_2.13-2.7.0\libs\kafka_2.13-2.7.0.jar.asc;C:\kafka_2.13-2.7.0\libs\log4j-1.2.17.jar;C:\kafka_2.13-2.7.0\libs\lz4-java-1.7.1.jar;C:\kafka_2.13-2.7.0\libs\maven-artifact-3.6.3.jar;C:\kafka_2.13-2.7.0\libs\metrics-core-2.2.0.jar;C:\kafka_2.13-2.7.0\libs\netty-buffer-4.1.51.Final.jar;C:\kafka_2.13-2.7.0\libs\netty-codec-4.1.51.Final.jar;C:\kafka_2.13-2.7.0\libs\netty-common-4.1.51.Final.jar;C:\kafka_2.13-2.7.0\libs\netty-handler-4.1.51.Final.jar;C:\kafka_2.13-2.7.0\libs\netty-resolver-4.1.51.Final.jar;C:\kafka_2.13-2.7.0\libs\netty-transport-4.1.51.Final.jar;C:\kafka_2.13-2.7.0\libs\netty-transport-native-epoll-4.1.51.Final.jar;C:\kafka_2.13-2.7.0\libs\netty-transport-native-unix-common-4.1.51.Final.jar;C:\kafka_2.13-2.7.0\libs\osgi-resource-locator-1.0.3.jar;C:\kafka_2.13-2.7.0\libs\paranamer-2.8.jar;C:\kafka_2.13-2.7.0\libs\plexus-utils-3.2.1.jar;C:\kafka_2.13-2.7.0\libs\reflections-0.9.12.jar;C:\kafka_2.13-2.7.0\libs\rocksdbjni-5.18.4.jar;C:\kafka_2.13-2.7.0\libs\scala-collection-compat_2.13-2.2.0.jar;C:\kafka_2.13-2.7.0\libs\scala-java8-compat_2.13-0.9.1.jar;C:\kafka_2.13-2.7.0\libs\scala-library-2.13.3.jar;C:\kafka_2.13-2.7.0\libs\scala-logging_2.13-3.9.2.jar;C:\kafka_2.13-2.7.0\libs\scala-reflect-2.13.3.jar;C:\kafka_2.13-2.7.0\libs\slf4j-api-1.7.30.jar;C:\kafka_2.13-2.7.0\libs\slf4j-log4j12-1.7.30.jar;C:\kafka_2.13-2.7.0\libs\snappy-java-1.1.7.7.jar;C:\kafka_2.13-2.7.0\libs\zookeeper-3.5.8.jar;C:\kafka_2.13-2.7.0\libs\zookeeper-jute-3.5.8.jar;C:\kafka_2.13-2.7.0\libs\zstd-jni-1.4.5-6.jar (org.apache.zookeeper.ZooKeeper)
[2022-06-13 00:53:25,307] INFO Client environment:java.library.path=C:\Java\jdk1.8.0_211\bin;C:\WINDOWS\Sun\Java\bin;C:\WINDOWS\system32;C:\WINDOWS;C:/Users/USER/.p2/pool/plugins/org.eclipse.justj.openjdk.hotspot.jre.full.win32.x86_64_15.0.1.v20201027-0507/jre/bin/server;C:/Users/USER/.p2/pool/plugins/org.eclipse.justj.openjdk.hotspot.jre.full.win32.x86_64_15.0.1.v20201027-0507/jre/bin;C:\Python39\Scripts\;C:\Python39\;C:\ProgramData\Oracle\Java\javapath;C:\WINDOWS\system32;C:\WINDOWS;C:\WINDOWS\System32\Wbem;C:\WINDOWS\System32\WindowsPowerShell\v1.0\;C:\Program Files (x86)\Windows Live\Shared;C:\WINDOWS\System32\OpenSSH\;C:\Program Files\MATLAB\R2018b\bin;C:\Program Files\Microsoft SQL Server\Client SDK\ODBC\170\Tools\Binn\;C:\Program Files\dotnet\;C:\Program Files (x86)\dotnet\;C:\Program Files\PuTTY\;C:\hadoop-3.1.0\bin;C:\Java\jdk1.8.0_211\bin;C:\sqoop-1.4.7.bin__hadoop-2.6.0\bin;C:\apache-flume-1.9.0-bin\bin;C:\apache-flume-1.9.0-bin\conf;C:\kafka_2.13-2.7.0\bin;C:\apache-mahout-distribution-0.12.0\bin;C:\spark-3.1.2-bin-hadoop2.7\bin;C:\Program Files\nodejs\;C:\ProgramData\chocolatey\bin;C:\Program Files\Git\cmd;C:\Program Files\Docker\Docker\resources\bin;C:\ProgramData\DockerDesktop\version-bin;C:\Users\USER\AppData\Local\Programs\Python\Python38\Scripts\;C:\Users\USER\AppData\Local\Programs\Python\Python38\;C:\Users\USER\AppData\Local\Microsoft\WindowsApps;C:\Users\USER\.dotnet\tools;C:\Users\USER\AppData\Local\Microsoft\WindowsApps;C:\Program Files\MongoDB\Server\4.4\bin\;C:\php;;C:\Users\USER\AppData\Local\Programs\Microsoft VS Code\bin;C:\Users\USER\AppData\Roaming\npm;C:\WINDOWS\system32;;. (org.apache.zookeeper.ZooKeeper)
[2022-06-13 00:53:25,309] INFO Client environment:java.io.tmpdir=C:\Users\USER\AppData\Local\Temp\ (org.apache.zookeeper.ZooKeeper)
[2022-06-13 00:53:25,316] INFO Client environment:java.compiler=<NA> (org.apache.zookeeper.ZooKeeper)
[2022-06-13 00:53:25,319] INFO Client environment:os.name=Windows 10 (org.apache.zookeeper.ZooKeeper)
[2022-06-13 00:53:25,319] INFO Client environment:os.arch=amd64 (org.apache.zookeeper.ZooKeeper)
[2022-06-13 00:53:25,320] INFO Client environment:os.version=10.0 (org.apache.zookeeper.ZooKeeper)
[2022-06-13 00:53:25,320] INFO Client environment:user.name=USER (org.apache.zookeeper.ZooKeeper)
[2022-06-13 00:53:25,321] INFO Client environment:user.home=C:\Users\USER (org.apache.zookeeper.ZooKeeper)
[2022-06-13 00:53:25,321] INFO Client environment:user.dir=C:\kafka_2.13-2.7.0 (org.apache.zookeeper.ZooKeeper)
[2022-06-13 00:53:25,323] INFO Client environment:os.memory.free=973MB (org.apache.zookeeper.ZooKeeper)
[2022-06-13 00:53:25,323] INFO Client environment:os.memory.max=1024MB (org.apache.zookeeper.ZooKeeper)
[2022-06-13 00:53:25,325] INFO Client environment:os.memory.total=1024MB (org.apache.zookeeper.ZooKeeper)
[2022-06-13 00:53:25,349] INFO Initiating client connection, connectString=localhost:2181 sessionTimeout=18000 watcher=kafka.zookeeper.ZooKeeperClient$ZooKeeperClientWatcher$@1ab3a8c8 (org.apache.zookeeper.ZooKeeper)
[2022-06-13 00:53:25,415] INFO jute.maxbuffer value is 4194304 Bytes (org.apache.zookeeper.ClientCnxnSocket)
[2022-06-13 00:53:25,484] INFO zookeeper.request.timeout value is 0. feature enabled= (org.apache.zookeeper.ClientCnxn)
[2022-06-13 00:53:25,517] INFO [ZooKeeperClient Kafka server] Waiting until connected. (kafka.zookeeper.ZooKeeperClient)
[2022-06-13 00:53:25,562] INFO Opening socket connection to server localhost/0:0:0:0:0:0:0:1:2181. Will not attempt to authenticate using SASL (unknown error) (org.apache.zookeeper.ClientCnxn)
[2022-06-13 00:53:25,564] INFO Socket connection established, initiating session, client: /0:0:0:0:0:0:0:1:1942, server: localhost/0:0:0:0:0:0:0:1:2181 (org.apache.zookeeper.ClientCnxn)
[2022-06-13 00:53:25,587] INFO Creating new log file: log.1 (org.apache.zookeeper.server.persistence.FileTxnLog)
[2022-06-13 00:53:25,681] INFO Session establishment complete on server localhost/0:0:0:0:0:0:0:1:2181, sessionid = 0x100001e174a0000, negotiated timeout = 18000 (org.apache.zookeeper.ClientCnxn)
[2022-06-13 00:53:25,699] INFO [ZooKeeperClient Kafka server] Connected. (kafka.zookeeper.ZooKeeperClient)
[2022-06-13 00:53:26,462] INFO [feature-zk-node-event-process-thread]: Starting (kafka.server.FinalizedFeatureChangeListener$ChangeNotificationProcessorThread)
[2022-06-13 00:53:26,485] INFO Feature ZK node at path: /feature does not exist (kafka.server.FinalizedFeatureChangeListener)
[2022-06-13 00:53:26,488] INFO Cleared cache (kafka.server.FinalizedFeatureCache)
[2022-06-13 00:53:26,873] INFO Cluster ID = L7QyNG2yTIu7fp2P2MLoTg (kafka.server.KafkaServer)
[2022-06-13 00:53:26,896] WARN No meta.properties file under dir C:\kafka_2.13-2.7.0\kafka-logs\meta.properties (kafka.server.BrokerMetadataCheckpoint)
[2022-06-13 00:53:27,000] INFO KafkaConfig values: 
	advertised.host.name = null
	advertised.listeners = null
	advertised.port = null
	alter.config.policy.class.name = null
	alter.log.dirs.replication.quota.window.num = 11
	alter.log.dirs.replication.quota.window.size.seconds = 1
	authorizer.class.name = 
	auto.create.topics.enable = true
	auto.leader.rebalance.enable = true
	background.threads = 10
	broker.id = 0
	broker.id.generation.enable = true
	broker.rack = null
	client.quota.callback.class = null
	compression.type = producer
	connection.failed.authentication.delay.ms = 100
	connections.max.idle.ms = 600000
	connections.max.reauth.ms = 0
	control.plane.listener.name = null
	controlled.shutdown.enable = true
	controlled.shutdown.max.retries = 3
	controlled.shutdown.retry.backoff.ms = 5000
	controller.quota.window.num = 11
	controller.quota.window.size.seconds = 1
	controller.socket.timeout.ms = 30000
	create.topic.policy.class.name = null
	default.replication.factor = 1
	delegation.token.expiry.check.interval.ms = 3600000
	delegation.token.expiry.time.ms = 86400000
	delegation.token.master.key = null
	delegation.token.max.lifetime.ms = 604800000
	delete.records.purgatory.purge.interval.requests = 1
	delete.topic.enable = true
	fetch.max.bytes = 57671680
	fetch.purgatory.purge.interval.requests = 1000
	group.initial.rebalance.delay.ms = 0
	group.max.session.timeout.ms = 1800000
	group.max.size = 2147483647
	group.min.session.timeout.ms = 6000
	host.name = 
	inter.broker.listener.name = null
	inter.broker.protocol.version = 2.7-IV2
	kafka.metrics.polling.interval.secs = 10
	kafka.metrics.reporters = []
	leader.imbalance.check.interval.seconds = 300
	leader.imbalance.per.broker.percentage = 10
	listener.security.protocol.map = PLAINTEXT:PLAINTEXT,SSL:SSL,SASL_PLAINTEXT:SASL_PLAINTEXT,SASL_SSL:SASL_SSL
	listeners = null
	log.cleaner.backoff.ms = 15000
	log.cleaner.dedupe.buffer.size = 134217728
	log.cleaner.delete.retention.ms = 86400000
	log.cleaner.enable = true
	log.cleaner.io.buffer.load.factor = 0.9
	log.cleaner.io.buffer.size = 524288
	log.cleaner.io.max.bytes.per.second = 1.7976931348623157E308
	log.cleaner.max.compaction.lag.ms = 9223372036854775807
	log.cleaner.min.cleanable.ratio = 0.5
	log.cleaner.min.compaction.lag.ms = 0
	log.cleaner.threads = 1
	log.cleanup.policy = [delete]
	log.dir = /tmp/kafka-logs
	log.dirs = C:/kafka_2.13-2.7.0/kafka-logs
	log.flush.interval.messages = 9223372036854775807
	log.flush.interval.ms = null
	log.flush.offset.checkpoint.interval.ms = 60000
	log.flush.scheduler.interval.ms = 9223372036854775807
	log.flush.start.offset.checkpoint.interval.ms = 60000
	log.index.interval.bytes = 4096
	log.index.size.max.bytes = 10485760
	log.message.downconversion.enable = true
	log.message.format.version = 2.7-IV2
	log.message.timestamp.difference.max.ms = 9223372036854775807
	log.message.timestamp.type = CreateTime
	log.preallocate = false
	log.retention.bytes = -1
	log.retention.check.interval.ms = 300000
	log.retention.hours = 168
	log.retention.minutes = null
	log.retention.ms = null
	log.roll.hours = 168
	log.roll.jitter.hours = 0
	log.roll.jitter.ms = null
	log.roll.ms = null
	log.segment.bytes = 1073741824
	log.segment.delete.delay.ms = 60000
	max.connection.creation.rate = 2147483647
	max.connections = 2147483647
	max.connections.per.ip = 2147483647
	max.connections.per.ip.overrides = 
	max.incremental.fetch.session.cache.slots = 1000
	message.max.bytes = 1048588
	metric.reporters = []
	metrics.num.samples = 2
	metrics.recording.level = INFO
	metrics.sample.window.ms = 30000
	min.insync.replicas = 1
	num.io.threads = 8
	num.network.threads = 3
	num.partitions = 1
	num.recovery.threads.per.data.dir = 1
	num.replica.alter.log.dirs.threads = null
	num.replica.fetchers = 1
	offset.metadata.max.bytes = 4096
	offsets.commit.required.acks = -1
	offsets.commit.timeout.ms = 5000
	offsets.load.buffer.size = 5242880
	offsets.retention.check.interval.ms = 600000
	offsets.retention.minutes = 10080
	offsets.topic.compression.codec = 0
	offsets.topic.num.partitions = 50
	offsets.topic.replication.factor = 1
	offsets.topic.segment.bytes = 104857600
	password.encoder.cipher.algorithm = AES/CBC/PKCS5Padding
	password.encoder.iterations = 4096
	password.encoder.key.length = 128
	password.encoder.keyfactory.algorithm = null
	password.encoder.old.secret = null
	password.encoder.secret = null
	port = 9092
	principal.builder.class = null
	producer.purgatory.purge.interval.requests = 1000
	queued.max.request.bytes = -1
	queued.max.requests = 500
	quota.consumer.default = 9223372036854775807
	quota.producer.default = 9223372036854775807
	quota.window.num = 11
	quota.window.size.seconds = 1
	replica.fetch.backoff.ms = 1000
	replica.fetch.max.bytes = 1048576
	replica.fetch.min.bytes = 1
	replica.fetch.response.max.bytes = 10485760
	replica.fetch.wait.max.ms = 500
	replica.high.watermark.checkpoint.interval.ms = 5000
	replica.lag.time.max.ms = 30000
	replica.selector.class = null
	replica.socket.receive.buffer.bytes = 65536
	replica.socket.timeout.ms = 30000
	replication.quota.window.num = 11
	replication.quota.window.size.seconds = 1
	request.timeout.ms = 30000
	reserved.broker.max.id = 1000
	sasl.client.callback.handler.class = null
	sasl.enabled.mechanisms = [GSSAPI]
	sasl.jaas.config = null
	sasl.kerberos.kinit.cmd = /usr/bin/kinit
	sasl.kerberos.min.time.before.relogin = 60000
	sasl.kerberos.principal.to.local.rules = [DEFAULT]
	sasl.kerberos.service.name = null
	sasl.kerberos.ticket.renew.jitter = 0.05
	sasl.kerberos.ticket.renew.window.factor = 0.8
	sasl.login.callback.handler.class = null
	sasl.login.class = null
	sasl.login.refresh.buffer.seconds = 300
	sasl.login.refresh.min.period.seconds = 60
	sasl.login.refresh.window.factor = 0.8
	sasl.login.refresh.window.jitter = 0.05
	sasl.mechanism.inter.broker.protocol = GSSAPI
	sasl.server.callback.handler.class = null
	security.inter.broker.protocol = PLAINTEXT
	security.providers = null
	socket.connection.setup.timeout.max.ms = 127000
	socket.connection.setup.timeout.ms = 10000
	socket.receive.buffer.bytes = 102400
	socket.request.max.bytes = 104857600
	socket.send.buffer.bytes = 102400
	ssl.cipher.suites = []
	ssl.client.auth = none
	ssl.enabled.protocols = [TLSv1.2]
	ssl.endpoint.identification.algorithm = https
	ssl.engine.factory.class = null
	ssl.key.password = null
	ssl.keymanager.algorithm = SunX509
	ssl.keystore.certificate.chain = null
	ssl.keystore.key = null
	ssl.keystore.location = null
	ssl.keystore.password = null
	ssl.keystore.type = JKS
	ssl.principal.mapping.rules = DEFAULT
	ssl.protocol = TLSv1.2
	ssl.provider = null
	ssl.secure.random.implementation = null
	ssl.trustmanager.algorithm = PKIX
	ssl.truststore.certificates = null
	ssl.truststore.location = null
	ssl.truststore.password = null
	ssl.truststore.type = JKS
	transaction.abort.timed.out.transaction.cleanup.interval.ms = 10000
	transaction.max.timeout.ms = 900000
	transaction.remove.expired.transaction.cleanup.interval.ms = 3600000
	transaction.state.log.load.buffer.size = 5242880
	transaction.state.log.min.isr = 1
	transaction.state.log.num.partitions = 50
	transaction.state.log.replication.factor = 1
	transaction.state.log.segment.bytes = 104857600
	transactional.id.expiration.ms = 604800000
	unclean.leader.election.enable = false
	zookeeper.clientCnxnSocket = null
	zookeeper.connect = localhost:2181
	zookeeper.connection.timeout.ms = 18000
	zookeeper.max.in.flight.requests = 10
	zookeeper.session.timeout.ms = 18000
	zookeeper.set.acl = false
	zookeeper.ssl.cipher.suites = null
	zookeeper.ssl.client.enable = false
	zookeeper.ssl.crl.enable = false
	zookeeper.ssl.enabled.protocols = null
	zookeeper.ssl.endpoint.identification.algorithm = HTTPS
	zookeeper.ssl.keystore.location = null
	zookeeper.ssl.keystore.password = null
	zookeeper.ssl.keystore.type = null
	zookeeper.ssl.ocsp.enable = false
	zookeeper.ssl.protocol = TLSv1.2
	zookeeper.ssl.truststore.location = null
	zookeeper.ssl.truststore.password = null
	zookeeper.ssl.truststore.type = null
	zookeeper.sync.time.ms = 2000
 (kafka.server.KafkaConfig)
[2022-06-13 00:53:27,024] INFO KafkaConfig values: 
	advertised.host.name = null
	advertised.listeners = null
	advertised.port = null
	alter.config.policy.class.name = null
	alter.log.dirs.replication.quota.window.num = 11
	alter.log.dirs.replication.quota.window.size.seconds = 1
	authorizer.class.name = 
	auto.create.topics.enable = true
	auto.leader.rebalance.enable = true
	background.threads = 10
	broker.id = 0
	broker.id.generation.enable = true
	broker.rack = null
	client.quota.callback.class = null
	compression.type = producer
	connection.failed.authentication.delay.ms = 100
	connections.max.idle.ms = 600000
	connections.max.reauth.ms = 0
	control.plane.listener.name = null
	controlled.shutdown.enable = true
	controlled.shutdown.max.retries = 3
	controlled.shutdown.retry.backoff.ms = 5000
	controller.quota.window.num = 11
	controller.quota.window.size.seconds = 1
	controller.socket.timeout.ms = 30000
	create.topic.policy.class.name = null
	default.replication.factor = 1
	delegation.token.expiry.check.interval.ms = 3600000
	delegation.token.expiry.time.ms = 86400000
	delegation.token.master.key = null
	delegation.token.max.lifetime.ms = 604800000
	delete.records.purgatory.purge.interval.requests = 1
	delete.topic.enable = true
	fetch.max.bytes = 57671680
	fetch.purgatory.purge.interval.requests = 1000
	group.initial.rebalance.delay.ms = 0
	group.max.session.timeout.ms = 1800000
	group.max.size = 2147483647
	group.min.session.timeout.ms = 6000
	host.name = 
	inter.broker.listener.name = null
	inter.broker.protocol.version = 2.7-IV2
	kafka.metrics.polling.interval.secs = 10
	kafka.metrics.reporters = []
	leader.imbalance.check.interval.seconds = 300
	leader.imbalance.per.broker.percentage = 10
	listener.security.protocol.map = PLAINTEXT:PLAINTEXT,SSL:SSL,SASL_PLAINTEXT:SASL_PLAINTEXT,SASL_SSL:SASL_SSL
	listeners = null
	log.cleaner.backoff.ms = 15000
	log.cleaner.dedupe.buffer.size = 134217728
	log.cleaner.delete.retention.ms = 86400000
	log.cleaner.enable = true
	log.cleaner.io.buffer.load.factor = 0.9
	log.cleaner.io.buffer.size = 524288
	log.cleaner.io.max.bytes.per.second = 1.7976931348623157E308
	log.cleaner.max.compaction.lag.ms = 9223372036854775807
	log.cleaner.min.cleanable.ratio = 0.5
	log.cleaner.min.compaction.lag.ms = 0
	log.cleaner.threads = 1
	log.cleanup.policy = [delete]
	log.dir = /tmp/kafka-logs
	log.dirs = C:/kafka_2.13-2.7.0/kafka-logs
	log.flush.interval.messages = 9223372036854775807
	log.flush.interval.ms = null
	log.flush.offset.checkpoint.interval.ms = 60000
	log.flush.scheduler.interval.ms = 9223372036854775807
	log.flush.start.offset.checkpoint.interval.ms = 60000
	log.index.interval.bytes = 4096
	log.index.size.max.bytes = 10485760
	log.message.downconversion.enable = true
	log.message.format.version = 2.7-IV2
	log.message.timestamp.difference.max.ms = 9223372036854775807
	log.message.timestamp.type = CreateTime
	log.preallocate = false
	log.retention.bytes = -1
	log.retention.check.interval.ms = 300000
	log.retention.hours = 168
	log.retention.minutes = null
	log.retention.ms = null
	log.roll.hours = 168
	log.roll.jitter.hours = 0
	log.roll.jitter.ms = null
	log.roll.ms = null
	log.segment.bytes = 1073741824
	log.segment.delete.delay.ms = 60000
	max.connection.creation.rate = 2147483647
	max.connections = 2147483647
	max.connections.per.ip = 2147483647
	max.connections.per.ip.overrides = 
	max.incremental.fetch.session.cache.slots = 1000
	message.max.bytes = 1048588
	metric.reporters = []
	metrics.num.samples = 2
	metrics.recording.level = INFO
	metrics.sample.window.ms = 30000
	min.insync.replicas = 1
	num.io.threads = 8
	num.network.threads = 3
	num.partitions = 1
	num.recovery.threads.per.data.dir = 1
	num.replica.alter.log.dirs.threads = null
	num.replica.fetchers = 1
	offset.metadata.max.bytes = 4096
	offsets.commit.required.acks = -1
	offsets.commit.timeout.ms = 5000
	offsets.load.buffer.size = 5242880
	offsets.retention.check.interval.ms = 600000
	offsets.retention.minutes = 10080
	offsets.topic.compression.codec = 0
	offsets.topic.num.partitions = 50
	offsets.topic.replication.factor = 1
	offsets.topic.segment.bytes = 104857600
	password.encoder.cipher.algorithm = AES/CBC/PKCS5Padding
	password.encoder.iterations = 4096
	password.encoder.key.length = 128
	password.encoder.keyfactory.algorithm = null
	password.encoder.old.secret = null
	password.encoder.secret = null
	port = 9092
	principal.builder.class = null
	producer.purgatory.purge.interval.requests = 1000
	queued.max.request.bytes = -1
	queued.max.requests = 500
	quota.consumer.default = 9223372036854775807
	quota.producer.default = 9223372036854775807
	quota.window.num = 11
	quota.window.size.seconds = 1
	replica.fetch.backoff.ms = 1000
	replica.fetch.max.bytes = 1048576
	replica.fetch.min.bytes = 1
	replica.fetch.response.max.bytes = 10485760
	replica.fetch.wait.max.ms = 500
	replica.high.watermark.checkpoint.interval.ms = 5000
	replica.lag.time.max.ms = 30000
	replica.selector.class = null
	replica.socket.receive.buffer.bytes = 65536
	replica.socket.timeout.ms = 30000
	replication.quota.window.num = 11
	replication.quota.window.size.seconds = 1
	request.timeout.ms = 30000
	reserved.broker.max.id = 1000
	sasl.client.callback.handler.class = null
	sasl.enabled.mechanisms = [GSSAPI]
	sasl.jaas.config = null
	sasl.kerberos.kinit.cmd = /usr/bin/kinit
	sasl.kerberos.min.time.before.relogin = 60000
	sasl.kerberos.principal.to.local.rules = [DEFAULT]
	sasl.kerberos.service.name = null
	sasl.kerberos.ticket.renew.jitter = 0.05
	sasl.kerberos.ticket.renew.window.factor = 0.8
	sasl.login.callback.handler.class = null
	sasl.login.class = null
	sasl.login.refresh.buffer.seconds = 300
	sasl.login.refresh.min.period.seconds = 60
	sasl.login.refresh.window.factor = 0.8
	sasl.login.refresh.window.jitter = 0.05
	sasl.mechanism.inter.broker.protocol = GSSAPI
	sasl.server.callback.handler.class = null
	security.inter.broker.protocol = PLAINTEXT
	security.providers = null
	socket.connection.setup.timeout.max.ms = 127000
	socket.connection.setup.timeout.ms = 10000
	socket.receive.buffer.bytes = 102400
	socket.request.max.bytes = 104857600
	socket.send.buffer.bytes = 102400
	ssl.cipher.suites = []
	ssl.client.auth = none
	ssl.enabled.protocols = [TLSv1.2]
	ssl.endpoint.identification.algorithm = https
	ssl.engine.factory.class = null
	ssl.key.password = null
	ssl.keymanager.algorithm = SunX509
	ssl.keystore.certificate.chain = null
	ssl.keystore.key = null
	ssl.keystore.location = null
	ssl.keystore.password = null
	ssl.keystore.type = JKS
	ssl.principal.mapping.rules = DEFAULT
	ssl.protocol = TLSv1.2
	ssl.provider = null
	ssl.secure.random.implementation = null
	ssl.trustmanager.algorithm = PKIX
	ssl.truststore.certificates = null
	ssl.truststore.location = null
	ssl.truststore.password = null
	ssl.truststore.type = JKS
	transaction.abort.timed.out.transaction.cleanup.interval.ms = 10000
	transaction.max.timeout.ms = 900000
	transaction.remove.expired.transaction.cleanup.interval.ms = 3600000
	transaction.state.log.load.buffer.size = 5242880
	transaction.state.log.min.isr = 1
	transaction.state.log.num.partitions = 50
	transaction.state.log.replication.factor = 1
	transaction.state.log.segment.bytes = 104857600
	transactional.id.expiration.ms = 604800000
	unclean.leader.election.enable = false
	zookeeper.clientCnxnSocket = null
	zookeeper.connect = localhost:2181
	zookeeper.connection.timeout.ms = 18000
	zookeeper.max.in.flight.requests = 10
	zookeeper.session.timeout.ms = 18000
	zookeeper.set.acl = false
	zookeeper.ssl.cipher.suites = null
	zookeeper.ssl.client.enable = false
	zookeeper.ssl.crl.enable = false
	zookeeper.ssl.enabled.protocols = null
	zookeeper.ssl.endpoint.identification.algorithm = HTTPS
	zookeeper.ssl.keystore.location = null
	zookeeper.ssl.keystore.password = null
	zookeeper.ssl.keystore.type = null
	zookeeper.ssl.ocsp.enable = false
	zookeeper.ssl.protocol = TLSv1.2
	zookeeper.ssl.truststore.location = null
	zookeeper.ssl.truststore.password = null
	zookeeper.ssl.truststore.type = null
	zookeeper.sync.time.ms = 2000
 (kafka.server.KafkaConfig)
[2022-06-13 00:53:27,111] INFO [ThrottledChannelReaper-Fetch]: Starting (kafka.server.ClientQuotaManager$ThrottledChannelReaper)
[2022-06-13 00:53:27,112] INFO [ThrottledChannelReaper-Produce]: Starting (kafka.server.ClientQuotaManager$ThrottledChannelReaper)
[2022-06-13 00:53:27,117] INFO [ThrottledChannelReaper-Request]: Starting (kafka.server.ClientQuotaManager$ThrottledChannelReaper)
[2022-06-13 00:53:27,120] INFO [ThrottledChannelReaper-ControllerMutation]: Starting (kafka.server.ClientQuotaManager$ThrottledChannelReaper)
[2022-06-13 00:53:27,177] INFO Log directory C:\kafka_2.13-2.7.0\kafka-logs not found, creating it. (kafka.log.LogManager)
[2022-06-13 00:53:27,200] INFO Loading logs from log dirs ArraySeq(C:\kafka_2.13-2.7.0\kafka-logs) (kafka.log.LogManager)
[2022-06-13 00:53:27,206] INFO Attempting recovery for all logs in C:\kafka_2.13-2.7.0\kafka-logs since no clean shutdown file was found (kafka.log.LogManager)
[2022-06-13 00:53:27,229] INFO Loaded 0 logs in 27ms. (kafka.log.LogManager)
[2022-06-13 00:53:27,263] INFO Starting log cleanup with a period of 300000 ms. (kafka.log.LogManager)
[2022-06-13 00:53:27,274] INFO Starting log flusher with a default period of 9223372036854775807 ms. (kafka.log.LogManager)
[2022-06-13 00:53:28,621] INFO Created ConnectionAcceptRate sensor, quotaLimit=2147483647 (kafka.network.ConnectionQuotas)
[2022-06-13 00:53:28,675] INFO Created ConnectionAcceptRate-PLAINTEXT sensor, quotaLimit=2147483647 (kafka.network.ConnectionQuotas)
[2022-06-13 00:53:28,701] INFO Updated PLAINTEXT max connection creation rate to 2147483647 (kafka.network.ConnectionQuotas)
[2022-06-13 00:53:28,718] INFO Awaiting socket connections on 0.0.0.0:9092. (kafka.network.Acceptor)
[2022-06-13 00:53:28,839] INFO [SocketServer brokerId=0] Created data-plane acceptor and processors for endpoint : ListenerName(PLAINTEXT) (kafka.network.SocketServer)
[2022-06-13 00:53:29,058] INFO [ExpirationReaper-0-ElectLeader]: Starting (kafka.server.DelayedOperationPurgatory$ExpiredOperationReaper)
[2022-06-13 00:53:29,061] INFO [ExpirationReaper-0-DeleteRecords]: Starting (kafka.server.DelayedOperationPurgatory$ExpiredOperationReaper)
[2022-06-13 00:53:29,065] INFO [ExpirationReaper-0-Fetch]: Starting (kafka.server.DelayedOperationPurgatory$ExpiredOperationReaper)
[2022-06-13 00:53:29,066] INFO [broker-0-to-controller-send-thread]: Starting (kafka.server.BrokerToControllerRequestThread)
[2022-06-13 00:53:29,066] INFO [LogDirFailureHandler]: Starting (kafka.server.ReplicaManager$LogDirFailureHandler)
[2022-06-13 00:53:29,066] INFO [ExpirationReaper-0-Produce]: Starting (kafka.server.DelayedOperationPurgatory$ExpiredOperationReaper)
[2022-06-13 00:53:29,138] INFO Creating /brokers/ids/0 (is it secure? false) (kafka.zk.KafkaZkClient)
[2022-06-13 00:53:29,283] INFO Stat of the created znode at /brokers/ids/0 is: 24,24,1655070809245,1655070809245,1,0,0,72057723277672448,224,0,24
 (kafka.zk.KafkaZkClient)
[2022-06-13 00:53:29,309] INFO Registered broker 0 at path /brokers/ids/0 with addresses: PLAINTEXT://host.docker.internal:9092, czxid (broker epoch): 24 (kafka.zk.KafkaZkClient)
[2022-06-13 00:53:29,466] INFO [ExpirationReaper-0-topic]: Starting (kafka.server.DelayedOperationPurgatory$ExpiredOperationReaper)
[2022-06-13 00:53:29,483] INFO [ExpirationReaper-0-Rebalance]: Starting (kafka.server.DelayedOperationPurgatory$ExpiredOperationReaper)
[2022-06-13 00:53:29,483] INFO [ExpirationReaper-0-Heartbeat]: Starting (kafka.server.DelayedOperationPurgatory$ExpiredOperationReaper)
[2022-06-13 00:53:29,529] INFO Successfully created /controller_epoch with initial epoch 0 (kafka.zk.KafkaZkClient)
[2022-06-13 00:53:29,548] INFO [GroupCoordinator 0]: Starting up. (kafka.coordinator.group.GroupCoordinator)
[2022-06-13 00:53:29,556] INFO [GroupCoordinator 0]: Startup complete. (kafka.coordinator.group.GroupCoordinator)
[2022-06-13 00:53:29,581] INFO Feature ZK node created at path: /feature (kafka.server.FinalizedFeatureChangeListener)
[2022-06-13 00:53:29,607] INFO [ProducerId Manager 0]: Acquired new producerId block (brokerId:0,blockStartProducerId:0,blockEndProducerId:999) by writing to Zk with path version 1 (kafka.coordinator.transaction.ProducerIdManager)
[2022-06-13 00:53:29,679] INFO [TransactionCoordinator id=0] Starting up. (kafka.coordinator.transaction.TransactionCoordinator)
[2022-06-13 00:53:29,698] INFO [TransactionCoordinator id=0] Startup complete. (kafka.coordinator.transaction.TransactionCoordinator)
[2022-06-13 00:53:29,706] INFO [Transaction Marker Channel Manager 0]: Starting (kafka.coordinator.transaction.TransactionMarkerChannelManager)
[2022-06-13 00:53:29,712] INFO Updated cache from existing <empty> to latest FinalizedFeaturesAndEpoch(features=Features{}, epoch=0). (kafka.server.FinalizedFeatureCache)
[2022-06-13 00:53:29,914] INFO [ExpirationReaper-0-AlterAcls]: Starting (kafka.server.DelayedOperationPurgatory$ExpiredOperationReaper)
[2022-06-13 00:53:29,962] INFO [SocketServer brokerId=0] Starting socket server acceptors and processors (kafka.network.SocketServer)
[2022-06-13 00:53:29,915] INFO [/config/changes-event-process-thread]: Starting (kafka.common.ZkNodeChangeNotificationListener$ChangeEventProcessThread)
[2022-06-13 00:53:30,041] INFO [SocketServer brokerId=0] Started data-plane acceptor and processor(s) for endpoint : ListenerName(PLAINTEXT) (kafka.network.SocketServer)
[2022-06-13 00:53:30,147] INFO [SocketServer brokerId=0] Started socket server acceptors and processors (kafka.network.SocketServer)
[2022-06-13 00:53:30,201] INFO [broker-0-to-controller-send-thread]: Recorded new controller, from now on will use broker 0 (kafka.server.BrokerToControllerRequestThread)
[2022-06-13 00:53:30,205] INFO Kafka version: 2.7.0 (org.apache.kafka.common.utils.AppInfoParser)
[2022-06-13 00:53:30,279] INFO Kafka commitId: 448719dc99a19793 (org.apache.kafka.common.utils.AppInfoParser)
[2022-06-13 00:53:30,280] INFO Kafka startTimeMs: 1655070810197 (org.apache.kafka.common.utils.AppInfoParser)
[2022-06-13 00:53:30,282] INFO [KafkaServer id=0] started (kafka.server.KafkaServer)
[2022-06-13 00:56:24,249] WARN Exception causing close of session 0x100001e174a0000: Μια υπάρχουσα σύνδεση διακόπηκε υποχρεωτικά από τον απομακρυσμένο υπολογιστή (org.apache.zookeeper.server.NIOServerCnxn)
